<?xml version="1.0" encoding="UTF-8"?>
<!DOCTYPE suite SYSTEM "http://testng.org/testng-1.0.dtd">
<suite name="TEST" parallel="classes" thread-count="3" preserve-order="true">
    <test name="SeleniumFramework" >
        <classes>
            <class name="com.test.flightreservation.FlightReservationTest"/>
          
        </classes>
    </test>
</suite>